<?xml version="1.0" encoding="UTF-8"?>
<!-- Generated by org.testng.reporters.JUnitXMLReporter -->
<testsuite ignored="0" hostname="Biswaranjan" failures="1" tests="1" name="Surefire test" time="0.05" errors="0" timestamp="2025-04-08T19:43:16 IST">
  <testcase classname="com.asignment.reqres.RijksmuseumTest" name="main" time="0.002">
    <failure type="java.lang.Exception" message="Error occured in compareRijkAttributesnull">
      <![CDATA[java.lang.Exception: Error occured in compareRijkAttributesnull
at com.asignment.reqres.RijksmuseumComparator.compareRijkAttributes(RijksmuseumComparator.java:24)
at com.asignment.reqres.RijksmuseumTest.main(RijksmuseumTest.java:30)
at java.base/java.util.ArrayList.forEach(ArrayList.java:1541)
... Removed 31 stack frames]]>
    </failure>
  </testcase> <!-- main -->
</testsuite> <!-- Surefire test -->
